<?xml version="1.0" encoding="utf-8" standalone="no"?>
<!--This file represents the results of running a test suite-->
<test-results name="C:\Users\Caleb.Carvalho\Documents\Visual Studio 2012\Projects\CDW\CDW\PerformanceTest\bin\x86\Debug\PerformanceTest.dll" total="1" errors="0" failures="0" not-run="0" inconclusive="0" ignored="0" skipped="0" invalid="0" date="2014-08-20" time="09:59:46">
  <environment nunit-version="2.6.3.13283" clr-version="2.0.50727.5477" os-version="Microsoft Windows NT 6.1.7601 Service Pack 1" platform="Win32NT" cwd="C:\Nunit\NUnit-2.6.3\NUnit-2.6.3\bin" machine-name="IT004068" user="caleb.carvalho" user-domain="LME" />
  <culture-info current-culture="en-GB" current-uiculture="en-US" />
  <test-suite type="Assembly" name="C:\Users\Caleb.Carvalho\Documents\Visual Studio 2012\Projects\CDW\CDW\PerformanceTest\bin\x86\Debug\PerformanceTest.dll" executed="True" result="Success" success="True" time="0.039" asserts="0">
    <results>
      <test-suite type="TestFixture" name="Testing" executed="True" result="Success" success="True" time="0.019" asserts="0">
        <results>
          <test-suite type="ParameterizedTest" name="HelloCsharp" executed="True" result="Success" success="True" time="0.016" asserts="0">
            <results>
              <test-case name="PerformanceTest.Testing.HelloCsharp()" executed="True" result="Success" success="True" time="0.013" asserts="0" />
            </results>
          </test-suite>
        </results>
      </test-suite>
    </results>
  </test-suite>
</test-results>